<?xml version="1.0" encoding="UTF-8"?>
<!-- Generated by org.testng.reporters.JUnitReportReporter -->
<testsuite hostname="NavTech-PC" name="testCases.VerifyLandingPage" tests="1" failures="0" timestamp="16 Sep 2018 20:23:35 GMT" time="7.831" errors="0">
  <testcase name="checkLandingPage" time="7.831" classname="testCases.VerifyLandingPage"/>
</testsuite> <!-- testCases.VerifyLandingPage -->
