<?xml version="1.0" encoding="UTF-8"?>
<!-- Generated by org.testng.reporters.JUnitReportReporter -->
<testsuite hostname="NavTech-PC" name="testCases.VerifyLoginPageWithReports" tests="1" failures="0" timestamp="8 Sep 2018 20:38:06 GMT" time="15.908" errors="0">
  <testcase name="checkLandingPage" time="15.908" classname="testCases.VerifyLoginPageWithReports"/>
</testsuite> <!-- testCases.VerifyLoginPageWithReports -->
