<?xml version="1.0" encoding="UTF-8"?>
<!-- Generated by org.testng.reporters.JUnitReportReporter -->
<testsuite hostname="NavTech-PC" name="testCases.VerifyLoginPageWithReports1" tests="1" failures="0" timestamp="16 Sep 2018 20:02:12 GMT" time="22.036" errors="0">
  <testcase name="checkLandingPage" time="22.036" classname="testCases.VerifyLoginPageWithReports1"/>
</testsuite> <!-- testCases.VerifyLoginPageWithReports1 -->
