<?xml version="1.0" encoding="UTF-8"?>
<!-- Generated by org.testng.reporters.JUnitReportReporter -->
<testsuite hostname="NavTech-PC" name="testCases.VerifyLoginPage" tests="1" failures="0" timestamp="8 Sep 2018 20:38:06 GMT" time="16.890" errors="0">
  <testcase name="checkLandingPage" time="16.890" classname="testCases.VerifyLoginPage"/>
</testsuite> <!-- testCases.VerifyLoginPage -->
